[debug] [2022-03-30T23:51:28.439Z] ----------------------------------------------------------------------
[debug] [2022-03-30T23:51:28.441Z] Command:       /Users/konradgnat/.nvm/versions/node/v14.18.2/bin/node /Users/konradgnat/.nvm/versions/node/v14.18.2/bin/firebase emulators:start --only functions
[debug] [2022-03-30T23:51:28.441Z] CLI Version:   10.5.0
[debug] [2022-03-30T23:51:28.441Z] Platform:      darwin
[debug] [2022-03-30T23:51:28.441Z] Node Version:  v14.18.2
[debug] [2022-03-30T23:51:28.442Z] Time:          Wed Mar 30 2022 16:51:28 GMT-0700 (Pacific Daylight Time)
[debug] [2022-03-30T23:51:28.442Z] ----------------------------------------------------------------------
[debug] 
[debug] [2022-03-30T23:51:28.506Z] > command requires scopes: ["email","openid","https://www.googleapis.com/auth/cloudplatformprojects.readonly","https://www.googleapis.com/auth/firebase","https://www.googleapis.com/auth/cloud-platform"]
[debug] [2022-03-30T23:51:28.507Z] > authorizing via signed-in user (synducer@gmail.com)
[info] i  emulators: Starting emulators: functions {"metadata":{"emulator":{"name":"hub"},"message":"Starting emulators: functions"}}
[debug] [2022-03-30T23:51:28.537Z] [hub] writing locator at /var/folders/w3/x8fhvrgn28lfc0bgy7w26n_r0000gn/T/hub-decom-eba2a.json
[warn] ⚠  functions: The following emulators are not running, calls to these services from the Functions emulator will affect production: auth, firestore, database, hosting, pubsub, storage {"metadata":{"emulator":{"name":"functions"},"message":"The following emulators are not running, calls to these services from the Functions emulator will affect production: \u001b[1mauth, firestore, database, hosting, pubsub, storage\u001b[22m"}}
[warn] ⚠  Your requested "node" version "16" doesn't match your global version "14". Using node@14 from host. {"metadata":{"emulator":{"name":"functions"},"message":"Your requested \"node\" version \"16\" doesn't match your global version \"14\". Using node@14 from host."}}
[debug] [2022-03-30T23:51:28.564Z] defaultcredentials: writing to file /Users/konradgnat/.config/firebase/synducer_gmail_com_application_default_credentials.json
[debug] [2022-03-30T23:51:28.567Z] Setting GAC to /Users/konradgnat/.config/firebase/synducer_gmail_com_application_default_credentials.json {"metadata":{"emulator":{"name":"functions"},"message":"Setting GAC to /Users/konradgnat/.config/firebase/synducer_gmail_com_application_default_credentials.json"}}
[debug] [2022-03-30T23:51:28.571Z] >>> [apiv2][query] GET https://firebase.googleapis.com/v1beta1/projects/decom-eba2a/adminSdkConfig [none]
[debug] [2022-03-30T23:51:28.896Z] <<< [apiv2][status] GET https://firebase.googleapis.com/v1beta1/projects/decom-eba2a/adminSdkConfig 200
[debug] [2022-03-30T23:51:28.897Z] <<< [apiv2][body] GET https://firebase.googleapis.com/v1beta1/projects/decom-eba2a/adminSdkConfig {"projectId":"decom-eba2a","storageBucket":"decom-eba2a.appspot.com","locationId":"us-central"}
[debug] [2022-03-30T23:51:29.180Z] Ignoring unsupported arg: auto_download {"metadata":{"emulator":{"name":"ui"},"message":"Ignoring unsupported arg: auto_download"}}
[debug] [2022-03-30T23:51:29.181Z] Ignoring unsupported arg: port {"metadata":{"emulator":{"name":"ui"},"message":"Ignoring unsupported arg: port"}}
[debug] [2022-03-30T23:51:29.181Z] Starting Emulator UI with command {"binary":"node","args":["/Users/konradgnat/.cache/firebase/emulators/ui-v1.6.5/server.bundle.js"],"optionalArgs":[],"joinArgs":false} {"metadata":{"emulator":{"name":"ui"},"message":"Starting Emulator UI with command {\"binary\":\"node\",\"args\":[\"/Users/konradgnat/.cache/firebase/emulators/ui-v1.6.5/server.bundle.js\"],\"optionalArgs\":[],\"joinArgs\":false}"}}
[info] i  ui: Emulator UI logging to ui-debug.log {"metadata":{"emulator":{"name":"ui"},"message":"Emulator UI logging to \u001b[1mui-debug.log\u001b[22m"}}
[debug] [2022-03-30T23:51:29.305Z] Web / API server started at localhost:4000
 {"metadata":{"emulator":{"name":"ui"},"message":"Web / API server started at localhost:4000\n"}}
[info] i  functions: Watching "/Users/konradgnat/dev/blockchain/ethdenver2022/dshop/dapp/functions" for Cloud Functions... {"metadata":{"emulator":{"name":"functions"},"message":"Watching \"/Users/konradgnat/dev/blockchain/ethdenver2022/dshop/dapp/functions\" for Cloud Functions..."}}
[debug] [2022-03-30T23:51:29.453Z] Validating nodejs source
[debug] [2022-03-30T23:51:31.682Z] > [functions] package.json contents: {
  "name": "functions",
  "description": "Cloud Functions for Firebase",
  "scripts": {
    "serve": "firebase emulators:start --only functions",
    "shell": "firebase functions:shell",
    "start": "npm run shell",
    "deploy": "firebase deploy --only functions",
    "logs": "firebase functions:log"
  },
  "engines": {
    "node": "16"
  },
  "main": "index.js",
  "dependencies": {
    "cors": "^2.8.5",
    "firebase-admin": "^10.0.2",
    "firebase-functions": "^3.18.0"
  },
  "devDependencies": {
    "firebase-functions-test": "^0.2.0"
  },
  "private": true
}
[debug] [2022-03-30T23:51:31.683Z] Building nodejs source
[debug] [2022-03-30T23:51:31.683Z] Analyzing nodejs backend spec
[info] ✔  functions[us-central1-authUser]: http function initialized (http://localhost:5001/decom-eba2a/us-central1/authUser). {"metadata":{"emulator":{"name":"functions"},"message":"\u001b[1mhttp\u001b[22m function initialized (http://localhost:5001/decom-eba2a/us-central1/authUser)."}}
[info] 
┌─────────────────────────────────────────────────────────────┐
│ ✔  All emulators ready! It is now safe to connect your app. │
│ i  View Emulator UI at http://localhost:4000                │
└─────────────────────────────────────────────────────────────┘

┌───────────┬────────────────┬─────────────────────────────────┐
│ Emulator  │ Host:Port      │ View in Emulator UI             │
├───────────┼────────────────┼─────────────────────────────────┤
│ Functions │ localhost:5001 │ http://localhost:4000/functions │
└───────────┴────────────────┴─────────────────────────────────┘
  Emulator Hub running at localhost:4400
  Other reserved ports: 4500

Issues? Report them at https://github.com/firebase/firebase-tools/issues and attach the *-debug.log files.
 
[debug] [2022-03-30T23:52:09.660Z] [work-queue] {"queueLength":1,"workRunningCount":0}
[debug] [2022-03-30T23:52:09.661Z] [work-queue] {"queueLength":0,"workRunningCount":1}
[debug] [2022-03-30T23:52:09.661Z] Accepted request GET /decom-eba2a/us-central1/authUser --> us-central1-authUser
[debug] [2022-03-30T23:52:09.674Z] [worker-pool] addWorker(us-central1-authUser) {"metadata":{"emulator":{"name":"functions"},"message":"[worker-pool] addWorker(us-central1-authUser)"}}
[debug] [2022-03-30T23:52:09.675Z] [worker-pool] Adding worker with key us-central1-authUser, total=1 {"metadata":{"emulator":{"name":"functions"},"message":"[worker-pool] Adding worker with key us-central1-authUser, total=1"}}
[debug] [2022-03-30T23:52:09.675Z] [worker-pool] submitWork(triggerId=us-central1-authUser) {"metadata":{"emulator":{"name":"functions"},"message":"[worker-pool] submitWork(triggerId=us-central1-authUser)"}}
[debug] [2022-03-30T23:52:09.675Z] [worker-us-central1-authUser-3922bc93-1ed4-431d-ba2c-8870ecf85dc3]: Assigning socketPath: /var/folders/w3/x8fhvrgn28lfc0bgy7w26n_r0000gn/T/fire_emu_28399.sock {"metadata":{"emulator":{"name":"functions"},"message":"[worker-us-central1-authUser-3922bc93-1ed4-431d-ba2c-8870ecf85dc3]: Assigning socketPath: /var/folders/w3/x8fhvrgn28lfc0bgy7w26n_r0000gn/T/fire_emu_28399.sock"}}
[debug] [2022-03-30T23:52:09.680Z] [worker-us-central1-authUser-3922bc93-1ed4-431d-ba2c-8870ecf85dc3]: BUSY {"metadata":{"emulator":{"name":"functions"},"message":"[worker-us-central1-authUser-3922bc93-1ed4-431d-ba2c-8870ecf85dc3]: BUSY"}}
[debug] [2022-03-30T23:52:11.642Z] [runtime-status] [28399] Functions runtime initialized. {"cwd":"/Users/konradgnat/dev/blockchain/ethdenver2022/dshop/dapp/functions","node_version":"14.18.2"} {"metadata":{"emulator":{"name":"functions"},"function":{"name":"us-central1-authUser"},"extension":{},"message":"[runtime-status] [28399] Functions runtime initialized. {\"cwd\":\"/Users/konradgnat/dev/blockchain/ethdenver2022/dshop/dapp/functions\",\"node_version\":\"14.18.2\"}"}}
[debug] [2022-03-30T23:52:11.643Z] [runtime-status] [28399] Disabled runtime features: undefined {"metadata":{"emulator":{"name":"functions"},"function":{"name":"us-central1-authUser"},"extension":{},"message":"[runtime-status] [28399] Disabled runtime features: undefined"}}
[debug] [2022-03-30T23:52:11.646Z] [runtime-status] [28399] Resolved module firebase-admin {"declared":true,"installed":true,"version":"10.0.2","resolution":"/Users/konradgnat/dev/blockchain/ethdenver2022/dshop/dapp/functions/node_modules/firebase-admin/lib/index.js"} {"metadata":{"emulator":{"name":"functions"},"function":{"name":"us-central1-authUser"},"extension":{},"message":"[runtime-status] [28399] Resolved module firebase-admin {\"declared\":true,\"installed\":true,\"version\":\"10.0.2\",\"resolution\":\"/Users/konradgnat/dev/blockchain/ethdenver2022/dshop/dapp/functions/node_modules/firebase-admin/lib/index.js\"}"}}
[debug] [2022-03-30T23:52:11.649Z] [runtime-status] [28399] Resolved module firebase-functions {"declared":true,"installed":true,"version":"3.19.0","resolution":"/Users/konradgnat/dev/blockchain/ethdenver2022/dshop/dapp/functions/node_modules/firebase-functions/lib/index.js"} {"metadata":{"emulator":{"name":"functions"},"function":{"name":"us-central1-authUser"},"extension":{},"message":"[runtime-status] [28399] Resolved module firebase-functions {\"declared\":true,\"installed\":true,\"version\":\"3.19.0\",\"resolution\":\"/Users/konradgnat/dev/blockchain/ethdenver2022/dshop/dapp/functions/node_modules/firebase-functions/lib/index.js\"}"}}
[debug] [2022-03-30T23:52:11.649Z] [runtime-status] [28399] Outgoing network have been stubbed. [{"name":"http","status":"mocked"},{"name":"http","status":"mocked"},{"name":"https","status":"mocked"},{"name":"https","status":"mocked"},{"name":"net","status":"mocked"}] {"metadata":{"emulator":{"name":"functions"},"function":{"name":"us-central1-authUser"},"extension":{},"message":"[runtime-status] [28399] Outgoing network have been stubbed. [{\"name\":\"http\",\"status\":\"mocked\"},{\"name\":\"http\",\"status\":\"mocked\"},{\"name\":\"https\",\"status\":\"mocked\"},{\"name\":\"https\",\"status\":\"mocked\"},{\"name\":\"net\",\"status\":\"mocked\"}]"}}
[debug] [2022-03-30T23:52:11.650Z] [runtime-status] [28399] Resolved module firebase-functions {"declared":true,"installed":true,"version":"3.19.0","resolution":"/Users/konradgnat/dev/blockchain/ethdenver2022/dshop/dapp/functions/node_modules/firebase-functions/lib/index.js"} {"metadata":{"emulator":{"name":"functions"},"function":{"name":"us-central1-authUser"},"extension":{},"message":"[runtime-status] [28399] Resolved module firebase-functions {\"declared\":true,\"installed\":true,\"version\":\"3.19.0\",\"resolution\":\"/Users/konradgnat/dev/blockchain/ethdenver2022/dshop/dapp/functions/node_modules/firebase-functions/lib/index.js\"}"}}
[debug] [2022-03-30T23:52:11.718Z] [runtime-status] [28399] Checked functions.config() {"config":{}} {"metadata":{"emulator":{"name":"functions"},"function":{"name":"us-central1-authUser"},"extension":{},"message":"[runtime-status] [28399] Checked functions.config() {\"config\":{}}"}}
[debug] [2022-03-30T23:52:11.718Z] [runtime-status] [28399] firebase-functions has been stubbed. {"functionsResolution":{"declared":true,"installed":true,"version":"3.19.0","resolution":"/Users/konradgnat/dev/blockchain/ethdenver2022/dshop/dapp/functions/node_modules/firebase-functions/lib/index.js"}} {"metadata":{"emulator":{"name":"functions"},"function":{"name":"us-central1-authUser"},"extension":{},"message":"[runtime-status] [28399] firebase-functions has been stubbed. {\"functionsResolution\":{\"declared\":true,\"installed\":true,\"version\":\"3.19.0\",\"resolution\":\"/Users/konradgnat/dev/blockchain/ethdenver2022/dshop/dapp/functions/node_modules/firebase-functions/lib/index.js\"}}"}}
[debug] [2022-03-30T23:52:11.719Z] [runtime-status] [28399] Resolved module firebase-functions {"declared":true,"installed":true,"version":"3.19.0","resolution":"/Users/konradgnat/dev/blockchain/ethdenver2022/dshop/dapp/functions/node_modules/firebase-functions/lib/index.js"} {"metadata":{"emulator":{"name":"functions"},"function":{"name":"us-central1-authUser"},"extension":{},"message":"[runtime-status] [28399] Resolved module firebase-functions {\"declared\":true,\"installed\":true,\"version\":\"3.19.0\",\"resolution\":\"/Users/konradgnat/dev/blockchain/ethdenver2022/dshop/dapp/functions/node_modules/firebase-functions/lib/index.js\"}"}}
[debug] [2022-03-30T23:52:11.720Z] [runtime-status] [28399] Resolved module firebase-admin {"declared":true,"installed":true,"version":"10.0.2","resolution":"/Users/konradgnat/dev/blockchain/ethdenver2022/dshop/dapp/functions/node_modules/firebase-admin/lib/index.js"} {"metadata":{"emulator":{"name":"functions"},"function":{"name":"us-central1-authUser"},"extension":{},"message":"[runtime-status] [28399] Resolved module firebase-admin {\"declared\":true,\"installed\":true,\"version\":\"10.0.2\",\"resolution\":\"/Users/konradgnat/dev/blockchain/ethdenver2022/dshop/dapp/functions/node_modules/firebase-admin/lib/index.js\"}"}}
[debug] [2022-03-30T23:52:11.722Z] [runtime-status] [28399] Resolved module firebase-functions {"declared":true,"installed":true,"version":"3.19.0","resolution":"/Users/konradgnat/dev/blockchain/ethdenver2022/dshop/dapp/functions/node_modules/firebase-functions/lib/index.js"} {"metadata":{"emulator":{"name":"functions"},"function":{"name":"us-central1-authUser"},"extension":{},"message":"[runtime-status] [28399] Resolved module firebase-functions {\"declared\":true,\"installed\":true,\"version\":\"3.19.0\",\"resolution\":\"/Users/konradgnat/dev/blockchain/ethdenver2022/dshop/dapp/functions/node_modules/firebase-functions/lib/index.js\"}"}}
[debug] [2022-03-30T23:52:11.722Z] [runtime-status] [28399] firebase-admin has been stubbed. {"adminResolution":{"declared":true,"installed":true,"version":"10.0.2","resolution":"/Users/konradgnat/dev/blockchain/ethdenver2022/dshop/dapp/functions/node_modules/firebase-admin/lib/index.js"}} {"metadata":{"emulator":{"name":"functions"},"function":{"name":"us-central1-authUser"},"extension":{},"message":"[runtime-status] [28399] firebase-admin has been stubbed. {\"adminResolution\":{\"declared\":true,\"installed\":true,\"version\":\"10.0.2\",\"resolution\":\"/Users/konradgnat/dev/blockchain/ethdenver2022/dshop/dapp/functions/node_modules/firebase-admin/lib/index.js\"}}"}}
[debug] [2022-03-30T23:52:11.724Z] [runtime-status] [28399] initializeApp(DEFAULT) {"storageBucket":"decom-eba2a.appspot.com","projectId":"decom-eba2a"} {"metadata":{"emulator":{"name":"functions"},"function":{"name":"us-central1-authUser"},"extension":{},"message":"[runtime-status] [28399] initializeApp(DEFAULT) {\"storageBucket\":\"decom-eba2a.appspot.com\",\"projectId\":\"decom-eba2a\"}"}}
[debug] [2022-03-30T23:52:11.725Z] [runtime-status] [28399] Beginning invocation function authUser! {"metadata":{"emulator":{"name":"functions"},"function":{"name":"us-central1-authUser"},"extension":{},"message":"[runtime-status] [28399] Beginning invocation function authUser!"}}
[info] i  functions: Beginning execution of "authUser" {"metadata":{"emulator":{"name":"functions"},"function":{"name":"us-central1-authUser"},"extension":{},"message":"Beginning execution of \"authUser\""}}
[debug] [2022-03-30T23:52:11.726Z] [runtime-status] [28399] Running authUser in signature http {"metadata":{"emulator":{"name":"functions"},"function":{"name":"us-central1-authUser"},"extension":{},"message":"[runtime-status] [28399] Running authUser in signature http"}}
[debug] [2022-03-30T23:52:11.730Z] [runtime-status] [28399] Attempting to listen to socketPath: /var/folders/w3/x8fhvrgn28lfc0bgy7w26n_r0000gn/T/fire_emu_28399.sock {"metadata":{"emulator":{"name":"functions"},"function":{"name":"us-central1-authUser"},"extension":{},"message":"[runtime-status] [28399] Attempting to listen to socketPath: /var/folders/w3/x8fhvrgn28lfc0bgy7w26n_r0000gn/T/fire_emu_28399.sock"}}
[debug] [2022-03-30T23:52:11.734Z] [functions] Runtime ready! Sending request! {"metadata":{"emulator":{"name":"functions"},"message":"[functions] Runtime ready! Sending request!"}}
[debug] [2022-03-30T23:52:11.738Z] [functions] Got req.url=/decom-eba2a/us-central1/authUser, mapping to path=/ {"metadata":{"emulator":{"name":"functions"},"message":"[functions] Got req.url=/decom-eba2a/us-central1/authUser, mapping to path=/"}}
[debug] [2022-03-30T23:52:11.743Z] [runtime-status] [28399] Ephemeral server handling GET request {"metadata":{"emulator":{"name":"functions"},"function":{"name":"us-central1-authUser"},"extension":{},"message":"[runtime-status] [28399] Ephemeral server handling GET request"}}
[info] >  {"severity":"INFO","message":"authUser called with address:  undefined"} {"user":{"severity":"INFO","message":"authUser called with address:  undefined"},"metadata":{"emulator":{"name":"functions"},"function":{"name":"us-central1-authUser"},"extension":{},"message":"\u001b[90m> \u001b[39m {\"severity\":\"INFO\",\"message\":\"authUser called with address:  undefined\"}"}}
[warn] ⚠  functions: The Cloud Firestore emulator is not running, so calls to Firestore will affect production. {"metadata":{"emulator":{"name":"functions"},"function":{"name":"us-central1-authUser"},"extension":{},"message":"The Cloud Firestore emulator is not running, so calls to Firestore will affect production."}}
[debug] [2022-03-30T23:52:11.785Z] [runtime-status] [28399] Ephemeral server survived. {"metadata":{"emulator":{"name":"functions"},"function":{"name":"us-central1-authUser"},"extension":{},"message":"[runtime-status] [28399] Ephemeral server survived."}}
[warn] ⚠  Google API requested!
   - URL: "https://oauth2.googleapis.com/token"
   - Be careful, this may be a production service. {"metadata":{"emulator":{"name":"functions"},"function":{"name":"us-central1-authUser"},"extension":{},"message":"Google API requested!\n   - URL: \"https://oauth2.googleapis.com/token\"\n   - Be careful, this may be a production service."}}
[info] i  functions: Finished "authUser" in ~1s {"metadata":{"emulator":{"name":"functions"},"function":{"name":"us-central1-authUser"},"extension":{},"message":"Finished \"authUser\" in ~1s"}}
[debug] [2022-03-30T23:52:12.562Z] [worker-us-central1-authUser-3922bc93-1ed4-431d-ba2c-8870ecf85dc3]: IDLE {"metadata":{"emulator":{"name":"functions"},"message":"[worker-us-central1-authUser-3922bc93-1ed4-431d-ba2c-8870ecf85dc3]: IDLE"}}
[debug] [2022-03-30T23:52:12.562Z] [work-queue] {"queueLength":0,"workRunningCount":0}
[debug] [2022-03-30T23:57:49.131Z] [work-queue] {"queueLength":1,"workRunningCount":0}
[debug] [2022-03-30T23:57:49.131Z] [work-queue] {"queueLength":0,"workRunningCount":1}
[debug] [2022-03-30T23:57:49.131Z] Accepted request GET /decom-eba2a/us-central1/authUser?address=0x7b86F576669f8d20a8244dABEFc65b31d7dEB3f2 --> us-central1-authUser
[debug] [2022-03-30T23:57:49.131Z] [worker-pool] submitWork(triggerId=us-central1-authUser) {"metadata":{"emulator":{"name":"functions"},"message":"[worker-pool] submitWork(triggerId=us-central1-authUser)"}}
[debug] [2022-03-30T23:57:49.132Z] [worker-us-central1-authUser-3922bc93-1ed4-431d-ba2c-8870ecf85dc3]: Assigning socketPath: /var/folders/w3/x8fhvrgn28lfc0bgy7w26n_r0000gn/T/fire_emu_28399.sock {"metadata":{"emulator":{"name":"functions"},"message":"[worker-us-central1-authUser-3922bc93-1ed4-431d-ba2c-8870ecf85dc3]: Assigning socketPath: /var/folders/w3/x8fhvrgn28lfc0bgy7w26n_r0000gn/T/fire_emu_28399.sock"}}
[debug] [2022-03-30T23:57:49.132Z] [worker-us-central1-authUser-3922bc93-1ed4-431d-ba2c-8870ecf85dc3]: BUSY {"metadata":{"emulator":{"name":"functions"},"message":"[worker-us-central1-authUser-3922bc93-1ed4-431d-ba2c-8870ecf85dc3]: BUSY"}}
[debug] [2022-03-30T23:57:49.133Z] [runtime-status] [28399] Beginning invocation function authUser! {"metadata":{"emulator":{"name":"functions"},"function":{"name":"us-central1-authUser"},"extension":{},"message":"[runtime-status] [28399] Beginning invocation function authUser!"}}
[info] i  functions: Beginning execution of "authUser" {"metadata":{"emulator":{"name":"functions"},"function":{"name":"us-central1-authUser"},"extension":{},"message":"Beginning execution of \"authUser\""}}
[debug] [2022-03-30T23:57:49.134Z] [runtime-status] [28399] Running authUser in signature http {"metadata":{"emulator":{"name":"functions"},"function":{"name":"us-central1-authUser"},"extension":{},"message":"[runtime-status] [28399] Running authUser in signature http"}}
[debug] [2022-03-30T23:57:49.137Z] [runtime-status] [28399] Attempting to listen to socketPath: /var/folders/w3/x8fhvrgn28lfc0bgy7w26n_r0000gn/T/fire_emu_28399.sock {"metadata":{"emulator":{"name":"functions"},"function":{"name":"us-central1-authUser"},"extension":{},"message":"[runtime-status] [28399] Attempting to listen to socketPath: /var/folders/w3/x8fhvrgn28lfc0bgy7w26n_r0000gn/T/fire_emu_28399.sock"}}
[debug] [2022-03-30T23:57:49.140Z] [functions] Runtime ready! Sending request! {"metadata":{"emulator":{"name":"functions"},"message":"[functions] Runtime ready! Sending request!"}}
[debug] [2022-03-30T23:57:49.140Z] [functions] Got req.url=/decom-eba2a/us-central1/authUser?address=0x7b86F576669f8d20a8244dABEFc65b31d7dEB3f2, mapping to path=/?address=0x7b86F576669f8d20a8244dABEFc65b31d7dEB3f2 {"metadata":{"emulator":{"name":"functions"},"message":"[functions] Got req.url=/decom-eba2a/us-central1/authUser?address=0x7b86F576669f8d20a8244dABEFc65b31d7dEB3f2, mapping to path=/?address=0x7b86F576669f8d20a8244dABEFc65b31d7dEB3f2"}}
[debug] [2022-03-30T23:57:49.152Z] [runtime-status] [28399] Ephemeral server handling GET request {"metadata":{"emulator":{"name":"functions"},"function":{"name":"us-central1-authUser"},"extension":{},"message":"[runtime-status] [28399] Ephemeral server handling GET request"}}
[info] >  {"severity":"INFO","message":"authUser called with address:  0x7b86F576669f8d20a8244dABEFc65b31d7dEB3f2"} {"user":{"severity":"INFO","message":"authUser called with address:  0x7b86F576669f8d20a8244dABEFc65b31d7dEB3f2"},"metadata":{"emulator":{"name":"functions"},"function":{"name":"us-central1-authUser"},"extension":{},"message":"\u001b[90m> \u001b[39m {\"severity\":\"INFO\",\"message\":\"authUser called with address:  0x7b86F576669f8d20a8244dABEFc65b31d7dEB3f2\"}"}}
[debug] [2022-03-30T23:57:49.159Z] [runtime-status] [28399] Ephemeral server survived. {"metadata":{"emulator":{"name":"functions"},"function":{"name":"us-central1-authUser"},"extension":{},"message":"[runtime-status] [28399] Ephemeral server survived."}}
[info] i  functions: Finished "authUser" in ~1s {"metadata":{"emulator":{"name":"functions"},"function":{"name":"us-central1-authUser"},"extension":{},"message":"Finished \"authUser\" in ~1s"}}
[debug] [2022-03-30T23:57:49.542Z] [worker-us-central1-authUser-3922bc93-1ed4-431d-ba2c-8870ecf85dc3]: IDLE {"metadata":{"emulator":{"name":"functions"},"message":"[worker-us-central1-authUser-3922bc93-1ed4-431d-ba2c-8870ecf85dc3]: IDLE"}}
[debug] [2022-03-30T23:57:49.543Z] [work-queue] {"queueLength":0,"workRunningCount":0}
[debug] [2022-03-31T00:17:06.971Z] File /Users/konradgnat/dev/blockchain/ethdenver2022/dshop/dapp/functions/index.js changed, reloading triggers {"metadata":{"emulator":{"name":"functions"},"message":"File /Users/konradgnat/dev/blockchain/ethdenver2022/dshop/dapp/functions/index.js changed, reloading triggers"}}
[debug] [2022-03-31T00:17:07.977Z] [worker-pool] Shutting down IDLE worker (us-central1-authUser) {"metadata":{"emulator":{"name":"functions"},"message":"[worker-pool] Shutting down IDLE worker (us-central1-authUser)"}}
[debug] [2022-03-31T00:17:07.977Z] [worker-us-central1-authUser-3922bc93-1ed4-431d-ba2c-8870ecf85dc3]: FINISHING {"metadata":{"emulator":{"name":"functions"},"message":"[worker-us-central1-authUser-3922bc93-1ed4-431d-ba2c-8870ecf85dc3]: FINISHING"}}
[debug] [2022-03-31T00:17:07.986Z] Validating nodejs source
[debug] [2022-03-31T00:17:10.743Z] > [functions] package.json contents: {
  "name": "functions",
  "description": "Cloud Functions for Firebase",
  "scripts": {
    "serve": "firebase emulators:start --only functions",
    "shell": "firebase functions:shell",
    "start": "npm run shell",
    "deploy": "firebase deploy --only functions",
    "logs": "firebase functions:log"
  },
  "engines": {
    "node": "16"
  },
  "main": "index.js",
  "dependencies": {
    "cors": "^2.8.5",
    "firebase-admin": "^10.0.2",
    "firebase-functions": "^3.18.0"
  },
  "devDependencies": {
    "firebase-functions-test": "^0.2.0"
  },
  "private": true
}
[debug] [2022-03-31T00:17:10.743Z] Building nodejs source
[debug] [2022-03-31T00:17:10.744Z] Analyzing nodejs backend spec
[debug] [2022-03-31T00:17:10.749Z] File /Users/konradgnat/dev/blockchain/ethdenver2022/dshop/dapp/functions/index.js changed, reloading triggers {"metadata":{"emulator":{"name":"functions"},"message":"File /Users/konradgnat/dev/blockchain/ethdenver2022/dshop/dapp/functions/index.js changed, reloading triggers"}}
[debug] [2022-03-31T00:17:10.750Z] [worker-us-central1-authUser-3922bc93-1ed4-431d-ba2c-8870ecf85dc3]: exited {"metadata":{"emulator":{"name":"functions"},"message":"[worker-us-central1-authUser-3922bc93-1ed4-431d-ba2c-8870ecf85dc3]: exited"}}
[debug] [2022-03-31T00:17:10.750Z] [worker-us-central1-authUser-3922bc93-1ed4-431d-ba2c-8870ecf85dc3]: FINISHED {"metadata":{"emulator":{"name":"functions"},"message":"[worker-us-central1-authUser-3922bc93-1ed4-431d-ba2c-8870ecf85dc3]: FINISHED"}}
[debug] [2022-03-31T00:17:11.752Z] Validating nodejs source
[debug] [2022-03-31T00:17:13.973Z] > [functions] package.json contents: {
  "name": "functions",
  "description": "Cloud Functions for Firebase",
  "scripts": {
    "serve": "firebase emulators:start --only functions",
    "shell": "firebase functions:shell",
    "start": "npm run shell",
    "deploy": "firebase deploy --only functions",
    "logs": "firebase functions:log"
  },
  "engines": {
    "node": "16"
  },
  "main": "index.js",
  "dependencies": {
    "cors": "^2.8.5",
    "firebase-admin": "^10.0.2",
    "firebase-functions": "^3.18.0"
  },
  "devDependencies": {
    "firebase-functions-test": "^0.2.0"
  },
  "private": true
}
[debug] [2022-03-31T00:17:13.974Z] Building nodejs source
[debug] [2022-03-31T00:17:13.974Z] Analyzing nodejs backend spec
[debug] [2022-03-31T00:17:13.981Z] File /Users/konradgnat/dev/blockchain/ethdenver2022/dshop/dapp/functions/index.js changed, reloading triggers {"metadata":{"emulator":{"name":"functions"},"message":"File /Users/konradgnat/dev/blockchain/ethdenver2022/dshop/dapp/functions/index.js changed, reloading triggers"}}
[debug] [2022-03-31T00:17:14.994Z] Validating nodejs source
[debug] [2022-03-31T00:17:17.107Z] > [functions] package.json contents: {
  "name": "functions",
  "description": "Cloud Functions for Firebase",
  "scripts": {
    "serve": "firebase emulators:start --only functions",
    "shell": "firebase functions:shell",
    "start": "npm run shell",
    "deploy": "firebase deploy --only functions",
    "logs": "firebase functions:log"
  },
  "engines": {
    "node": "16"
  },
  "main": "index.js",
  "dependencies": {
    "cors": "^2.8.5",
    "firebase-admin": "^10.0.2",
    "firebase-functions": "^3.18.0"
  },
  "devDependencies": {
    "firebase-functions-test": "^0.2.0"
  },
  "private": true
}
[debug] [2022-03-31T00:17:17.108Z] Building nodejs source
[debug] [2022-03-31T00:17:17.108Z] Analyzing nodejs backend spec
[debug] [2022-03-31T00:17:33.693Z] File /Users/konradgnat/dev/blockchain/ethdenver2022/dshop/dapp/functions/index.js changed, reloading triggers {"metadata":{"emulator":{"name":"functions"},"message":"File /Users/konradgnat/dev/blockchain/ethdenver2022/dshop/dapp/functions/index.js changed, reloading triggers"}}
[debug] [2022-03-31T00:17:34.708Z] Validating nodejs source
[debug] [2022-03-31T00:17:36.277Z] > [functions] package.json contents: {
  "name": "functions",
  "description": "Cloud Functions for Firebase",
  "scripts": {
    "serve": "firebase emulators:start --only functions",
    "shell": "firebase functions:shell",
    "start": "npm run shell",
    "deploy": "firebase deploy --only functions",
    "logs": "firebase functions:log"
  },
  "engines": {
    "node": "16"
  },
  "main": "index.js",
  "dependencies": {
    "cors": "^2.8.5",
    "firebase-admin": "^10.0.2",
    "firebase-functions": "^3.18.0"
  },
  "devDependencies": {
    "firebase-functions-test": "^0.2.0"
  },
  "private": true
}
[debug] [2022-03-31T00:17:36.278Z] Building nodejs source
[debug] [2022-03-31T00:17:36.278Z] Analyzing nodejs backend spec
[debug] [2022-03-31T00:17:42.890Z] File /Users/konradgnat/dev/blockchain/ethdenver2022/dshop/dapp/functions/index.js changed, reloading triggers {"metadata":{"emulator":{"name":"functions"},"message":"File /Users/konradgnat/dev/blockchain/ethdenver2022/dshop/dapp/functions/index.js changed, reloading triggers"}}
[debug] [2022-03-31T00:17:43.893Z] Validating nodejs source
[debug] [2022-03-31T00:17:46.135Z] > [functions] package.json contents: {
  "name": "functions",
  "description": "Cloud Functions for Firebase",
  "scripts": {
    "serve": "firebase emulators:start --only functions",
    "shell": "firebase functions:shell",
    "start": "npm run shell",
    "deploy": "firebase deploy --only functions",
    "logs": "firebase functions:log"
  },
  "engines": {
    "node": "16"
  },
  "main": "index.js",
  "dependencies": {
    "cors": "^2.8.5",
    "firebase-admin": "^10.0.2",
    "firebase-functions": "^3.18.0"
  },
  "devDependencies": {
    "firebase-functions-test": "^0.2.0"
  },
  "private": true
}
[debug] [2022-03-31T00:17:46.136Z] Building nodejs source
[debug] [2022-03-31T00:17:46.136Z] Analyzing nodejs backend spec
[debug] [2022-03-31T00:17:46.141Z] File /Users/konradgnat/dev/blockchain/ethdenver2022/dshop/dapp/functions/index.js changed, reloading triggers {"metadata":{"emulator":{"name":"functions"},"message":"File /Users/konradgnat/dev/blockchain/ethdenver2022/dshop/dapp/functions/index.js changed, reloading triggers"}}
[debug] [2022-03-31T00:17:47.144Z] Validating nodejs source
[debug] [2022-03-31T00:17:49.052Z] > [functions] package.json contents: {
  "name": "functions",
  "description": "Cloud Functions for Firebase",
  "scripts": {
    "serve": "firebase emulators:start --only functions",
    "shell": "firebase functions:shell",
    "start": "npm run shell",
    "deploy": "firebase deploy --only functions",
    "logs": "firebase functions:log"
  },
  "engines": {
    "node": "16"
  },
  "main": "index.js",
  "dependencies": {
    "cors": "^2.8.5",
    "firebase-admin": "^10.0.2",
    "firebase-functions": "^3.18.0"
  },
  "devDependencies": {
    "firebase-functions-test": "^0.2.0"
  },
  "private": true
}
[debug] [2022-03-31T00:17:49.053Z] Building nodejs source
[debug] [2022-03-31T00:17:49.053Z] Analyzing nodejs backend spec
[debug] [2022-03-31T00:17:49.059Z] File /Users/konradgnat/dev/blockchain/ethdenver2022/dshop/dapp/functions/index.js changed, reloading triggers {"metadata":{"emulator":{"name":"functions"},"message":"File /Users/konradgnat/dev/blockchain/ethdenver2022/dshop/dapp/functions/index.js changed, reloading triggers"}}
[debug] [2022-03-31T00:17:50.061Z] Validating nodejs source
[debug] [2022-03-31T00:17:52.205Z] > [functions] package.json contents: {
  "name": "functions",
  "description": "Cloud Functions for Firebase",
  "scripts": {
    "serve": "firebase emulators:start --only functions",
    "shell": "firebase functions:shell",
    "start": "npm run shell",
    "deploy": "firebase deploy --only functions",
    "logs": "firebase functions:log"
  },
  "engines": {
    "node": "16"
  },
  "main": "index.js",
  "dependencies": {
    "cors": "^2.8.5",
    "firebase-admin": "^10.0.2",
    "firebase-functions": "^3.18.0"
  },
  "devDependencies": {
    "firebase-functions-test": "^0.2.0"
  },
  "private": true
}
[debug] [2022-03-31T00:17:52.205Z] Building nodejs source
[debug] [2022-03-31T00:17:52.205Z] Analyzing nodejs backend spec
[debug] [2022-03-31T00:17:52.211Z] File /Users/konradgnat/dev/blockchain/ethdenver2022/dshop/dapp/functions/index.js changed, reloading triggers {"metadata":{"emulator":{"name":"functions"},"message":"File /Users/konradgnat/dev/blockchain/ethdenver2022/dshop/dapp/functions/index.js changed, reloading triggers"}}
[debug] [2022-03-31T00:17:53.213Z] Validating nodejs source
[debug] [2022-03-31T00:17:55.227Z] > [functions] package.json contents: {
  "name": "functions",
  "description": "Cloud Functions for Firebase",
  "scripts": {
    "serve": "firebase emulators:start --only functions",
    "shell": "firebase functions:shell",
    "start": "npm run shell",
    "deploy": "firebase deploy --only functions",
    "logs": "firebase functions:log"
  },
  "engines": {
    "node": "16"
  },
  "main": "index.js",
  "dependencies": {
    "cors": "^2.8.5",
    "firebase-admin": "^10.0.2",
    "firebase-functions": "^3.18.0"
  },
  "devDependencies": {
    "firebase-functions-test": "^0.2.0"
  },
  "private": true
}
[debug] [2022-03-31T00:17:55.228Z] Building nodejs source
[debug] [2022-03-31T00:17:55.228Z] Analyzing nodejs backend spec
[debug] [2022-03-31T00:17:55.234Z] File /Users/konradgnat/dev/blockchain/ethdenver2022/dshop/dapp/functions/index.js changed, reloading triggers {"metadata":{"emulator":{"name":"functions"},"message":"File /Users/konradgnat/dev/blockchain/ethdenver2022/dshop/dapp/functions/index.js changed, reloading triggers"}}
[debug] [2022-03-31T00:17:56.241Z] Validating nodejs source
[debug] [2022-03-31T00:17:58.072Z] > [functions] package.json contents: {
  "name": "functions",
  "description": "Cloud Functions for Firebase",
  "scripts": {
    "serve": "firebase emulators:start --only functions",
    "shell": "firebase functions:shell",
    "start": "npm run shell",
    "deploy": "firebase deploy --only functions",
    "logs": "firebase functions:log"
  },
  "engines": {
    "node": "16"
  },
  "main": "index.js",
  "dependencies": {
    "cors": "^2.8.5",
    "firebase-admin": "^10.0.2",
    "firebase-functions": "^3.18.0"
  },
  "devDependencies": {
    "firebase-functions-test": "^0.2.0"
  },
  "private": true
}
[debug] [2022-03-31T00:17:58.072Z] Building nodejs source
[debug] [2022-03-31T00:17:58.073Z] Analyzing nodejs backend spec
[debug] [2022-03-31T00:19:09.840Z] File /Users/konradgnat/dev/blockchain/ethdenver2022/dshop/dapp/functions/index.js changed, reloading triggers {"metadata":{"emulator":{"name":"functions"},"message":"File /Users/konradgnat/dev/blockchain/ethdenver2022/dshop/dapp/functions/index.js changed, reloading triggers"}}
[debug] [2022-03-31T00:19:10.849Z] Validating nodejs source
[debug] [2022-03-31T00:19:12.633Z] > [functions] package.json contents: {
  "name": "functions",
  "description": "Cloud Functions for Firebase",
  "scripts": {
    "serve": "firebase emulators:start --only functions",
    "shell": "firebase functions:shell",
    "start": "npm run shell",
    "deploy": "firebase deploy --only functions",
    "logs": "firebase functions:log"
  },
  "engines": {
    "node": "16"
  },
  "main": "index.js",
  "dependencies": {
    "cors": "^2.8.5",
    "firebase-admin": "^10.0.2",
    "firebase-functions": "^3.18.0"
  },
  "devDependencies": {
    "firebase-functions-test": "^0.2.0"
  },
  "private": true
}
[debug] [2022-03-31T00:19:12.634Z] Building nodejs source
[debug] [2022-03-31T00:19:12.634Z] Analyzing nodejs backend spec
[debug] [2022-03-31T00:19:13.606Z] File /Users/konradgnat/dev/blockchain/ethdenver2022/dshop/dapp/functions/index.js changed, reloading triggers {"metadata":{"emulator":{"name":"functions"},"message":"File /Users/konradgnat/dev/blockchain/ethdenver2022/dshop/dapp/functions/index.js changed, reloading triggers"}}
[debug] [2022-03-31T00:19:14.609Z] Validating nodejs source
[debug] [2022-03-31T00:19:16.302Z] > [functions] package.json contents: {
  "name": "functions",
  "description": "Cloud Functions for Firebase",
  "scripts": {
    "serve": "firebase emulators:start --only functions",
    "shell": "firebase functions:shell",
    "start": "npm run shell",
    "deploy": "firebase deploy --only functions",
    "logs": "firebase functions:log"
  },
  "engines": {
    "node": "16"
  },
  "main": "index.js",
  "dependencies": {
    "cors": "^2.8.5",
    "firebase-admin": "^10.0.2",
    "firebase-functions": "^3.18.0"
  },
  "devDependencies": {
    "firebase-functions-test": "^0.2.0"
  },
  "private": true
}
[debug] [2022-03-31T00:19:16.303Z] Building nodejs source
[debug] [2022-03-31T00:19:16.303Z] Analyzing nodejs backend spec
[debug] [2022-03-31T00:19:16.308Z] File /Users/konradgnat/dev/blockchain/ethdenver2022/dshop/dapp/functions/index.js changed, reloading triggers {"metadata":{"emulator":{"name":"functions"},"message":"File /Users/konradgnat/dev/blockchain/ethdenver2022/dshop/dapp/functions/index.js changed, reloading triggers"}}
[debug] [2022-03-31T00:19:17.310Z] Validating nodejs source
[debug] [2022-03-31T00:19:18.892Z] > [functions] package.json contents: {
  "name": "functions",
  "description": "Cloud Functions for Firebase",
  "scripts": {
    "serve": "firebase emulators:start --only functions",
    "shell": "firebase functions:shell",
    "start": "npm run shell",
    "deploy": "firebase deploy --only functions",
    "logs": "firebase functions:log"
  },
  "engines": {
    "node": "16"
  },
  "main": "index.js",
  "dependencies": {
    "cors": "^2.8.5",
    "firebase-admin": "^10.0.2",
    "firebase-functions": "^3.18.0"
  },
  "devDependencies": {
    "firebase-functions-test": "^0.2.0"
  },
  "private": true
}
[debug] [2022-03-31T00:19:18.893Z] Building nodejs source
[debug] [2022-03-31T00:19:18.893Z] Analyzing nodejs backend spec
[debug] [2022-03-31T00:19:21.803Z] File /Users/konradgnat/dev/blockchain/ethdenver2022/dshop/dapp/functions/index.js changed, reloading triggers {"metadata":{"emulator":{"name":"functions"},"message":"File /Users/konradgnat/dev/blockchain/ethdenver2022/dshop/dapp/functions/index.js changed, reloading triggers"}}
[debug] [2022-03-31T00:19:22.804Z] Validating nodejs source
[debug] [2022-03-31T00:19:24.429Z] > [functions] package.json contents: {
  "name": "functions",
  "description": "Cloud Functions for Firebase",
  "scripts": {
    "serve": "firebase emulators:start --only functions",
    "shell": "firebase functions:shell",
    "start": "npm run shell",
    "deploy": "firebase deploy --only functions",
    "logs": "firebase functions:log"
  },
  "engines": {
    "node": "16"
  },
  "main": "index.js",
  "dependencies": {
    "cors": "^2.8.5",
    "firebase-admin": "^10.0.2",
    "firebase-functions": "^3.18.0"
  },
  "devDependencies": {
    "firebase-functions-test": "^0.2.0"
  },
  "private": true
}
[debug] [2022-03-31T00:19:24.430Z] Building nodejs source
[debug] [2022-03-31T00:19:24.430Z] Analyzing nodejs backend spec
[debug] [2022-03-31T00:19:24.435Z] File /Users/konradgnat/dev/blockchain/ethdenver2022/dshop/dapp/functions/index.js changed, reloading triggers {"metadata":{"emulator":{"name":"functions"},"message":"File /Users/konradgnat/dev/blockchain/ethdenver2022/dshop/dapp/functions/index.js changed, reloading triggers"}}
[debug] [2022-03-31T00:19:25.438Z] Validating nodejs source
[debug] [2022-03-31T00:19:28.080Z] > [functions] package.json contents: {
  "name": "functions",
  "description": "Cloud Functions for Firebase",
  "scripts": {
    "serve": "firebase emulators:start --only functions",
    "shell": "firebase functions:shell",
    "start": "npm run shell",
    "deploy": "firebase deploy --only functions",
    "logs": "firebase functions:log"
  },
  "engines": {
    "node": "16"
  },
  "main": "index.js",
  "dependencies": {
    "cors": "^2.8.5",
    "firebase-admin": "^10.0.2",
    "firebase-functions": "^3.18.0"
  },
  "devDependencies": {
    "firebase-functions-test": "^0.2.0"
  },
  "private": true
}
[debug] [2022-03-31T00:19:28.081Z] Building nodejs source
[debug] [2022-03-31T00:19:28.081Z] Analyzing nodejs backend spec
